west build examples_int/unit_tests/ccm32k/ccm32k_test_all -b=kw47evk -p=always -d=build/armgcc_kw47evk/ccm32k_test_all --toolchain=armgcc -Dcore_id=cm33_core0 -DCONFIG_MCUX_COMPONENT_utilities.gcov=y 
west build examples_int/unit_tests/ce/ce_test_all -b=kw47evk -p=always -d=build/armgcc_kw47evk/ce_test_all --toolchain=armgcc -Dcore_id=cm33_core0 -DCONFIG_MCUX_COMPONENT_utilities.gcov=y 
west build examples_int/unit_tests/ce/ce_timeout -b=kw47evk -p=always -d=build/armgcc_kw47evk/ce_timeout --toolchain=armgcc -Dcore_id=cm33_core0 -DCONFIG_MCUX_COMPONENT_utilities.gcov=y 
west build examples_int/_boards/kw47evk/unit_tests/clock -b=kw47evk -p=always -d=build/armgcc_kw47evk/clock_func_test_all --toolchain=armgcc -Dcore_id=cm33_core0 -DCONFIG_MCUX_COMPONENT_utilities.gcov=y -DCONFIG_MCUX_COMPONENT_utilities.unity=y
west build examples_int/unit_tests/cmc/cmc_basic_test -b=kw47evk -p=always -d=build/armgcc_kw47evk/cmc_basic_test --toolchain=armgcc -Dcore_id=cm33_core0 -DCONFIG_MCUX_COMPONENT_utilities.gcov=y 
west build examples_int/unit_tests/common/common_func_atomic -b=kw47evk -p=always -d=build/armgcc_kw47evk/common_func_atomic --toolchain=armgcc -Dcore_id=cm33_core0 -DCONFIG_MCUX_COMPONENT_utilities.gcov=y 
west build examples_int/unit_tests/common/common_func_basic -b=kw47evk -p=always -d=build/armgcc_kw47evk/common_func_basic --toolchain=armgcc -Dcore_id=cm33_core0 -DCONFIG_MCUX_COMPONENT_utilities.gcov=y 
west build examples_int/unit_tests/components/power_manager_basic_test -b=kw47evk -p=always -d=build/armgcc_kw47evk/power_manager_basic_test --toolchain=armgcc -Dcore_id=cm33_core0 -DCONFIG_MCUX_COMPONENT_utilities.gcov=y 
west build examples_int/unit_tests/crc -b=kw47evk -p=always -d=build/armgcc_kw47evk/crc --toolchain=armgcc -Dcore_id=cm33_core0 -DCONFIG_MCUX_COMPONENT_utilities.gcov=y 
west build examples_int/unit_tests/crc/crc_basic_register -b=kw47evk -p=always -d=build/armgcc_kw47evk/crc_basic_register --toolchain=armgcc -Dcore_id=cm33_core0 -DCONFIG_MCUX_COMPONENT_utilities.gcov=y 
west build examples_int/unit_tests/dma3/edma_basic_register -b=kw47evk -p=always -d=build/armgcc_kw47evk/edma_basic_register --toolchain=armgcc -Dcore_id=cm33_core0 -DCONFIG_MCUX_COMPONENT_utilities.gcov=y 
west build examples_int/unit_tests/dma3/edma_func_basic_hw_trigger -b=kw47evk -p=always -d=build/armgcc_kw47evk/edma_func_basic_hw_trigger --toolchain=armgcc -Dcore_id=cm33_core0 -DCONFIG_MCUX_COMPONENT_utilities.gcov=y 
west build examples_int/unit_tests/dma3/edma_func_channel_link -b=kw47evk -p=always -d=build/armgcc_kw47evk/edma_func_channel_link --toolchain=armgcc -Dcore_id=cm33_core0 -DCONFIG_MCUX_COMPONENT_utilities.gcov=y 
west build examples_int/unit_tests/dma3/edma_func_scatter_gather -b=kw47evk -p=always -d=build/armgcc_kw47evk/edma_func_scatter_gather --toolchain=armgcc -Dcore_id=cm33_core0 -DCONFIG_MCUX_COMPONENT_utilities.gcov=y 
west build examples_int/unit_tests/dma3/edma_func_sw_trigger -b=kw47evk -p=always -d=build/armgcc_kw47evk/edma_func_sw_trigger --toolchain=armgcc -Dcore_id=cm33_core0 -DCONFIG_MCUX_COMPONENT_utilities.gcov=y 
west build examples_int/unit_tests/elemu/elemu_basic_test -b=kw47evk -p=always -d=build/armgcc_kw47evk/elemu_basic_test --toolchain=armgcc -Dcore_id=cm33_core0 -DCONFIG_MCUX_COMPONENT_utilities.gcov=y -DCONFIG_MCUX_COMPONENT_driver.elemu=y
west build examples_int/unit_tests/ewm/ewm_basic_register_tc1 -b=kw47evk -p=always -d=build/armgcc_kw47evk/ewm_basic_register_tc1 --toolchain=armgcc -Dcore_id=cm33_core0 -DCONFIG_MCUX_COMPONENT_utilities.gcov=y 
west build examples_int/unit_tests/ewm/ewm_basic_register_tc2 -b=kw47evk -p=always -d=build/armgcc_kw47evk/ewm_basic_register_tc2 --toolchain=armgcc -Dcore_id=cm33_core0 -DCONFIG_MCUX_COMPONENT_utilities.gcov=y 
west build examples_int/unit_tests/ewm/ewm_func_input_control -b=kw47evk -p=always -d=build/armgcc_kw47evk/ewm_func_input_control --toolchain=armgcc -Dcore_id=cm33_core0 -DCONFIG_MCUX_COMPONENT_utilities.gcov=y 
west build examples_int/unit_tests/ewm/ewm_func_non_windowed_mode -b=kw47evk -p=always -d=build/armgcc_kw47evk/ewm_func_non_windowed_mode --toolchain=armgcc -Dcore_id=cm33_core0 -DCONFIG_MCUX_COMPONENT_utilities.gcov=y 
west build examples_int/unit_tests/ewm/ewm_func_windowed_mode -b=kw47evk -p=always -d=build/armgcc_kw47evk/ewm_func_windowed_mode --toolchain=armgcc -Dcore_id=cm33_core0 -DCONFIG_MCUX_COMPONENT_utilities.gcov=y 
west build examples_int/unit_tests/flash_k4/pflash_test_all -b=kw47evk -p=always -d=build/armgcc_kw47evk/pflash_test_all --toolchain=armgcc -Dcore_id=cm33_core0 -DCONFIG_MCUX_COMPONENT_utilities.gcov=y 
west build examples_int/unit_tests/flash_k4/pflash_timeout -b=kw47evk -p=always -d=build/armgcc_kw47evk/pflash_timeout --toolchain=armgcc -Dcore_id=cm33_core0 -DCONFIG_MCUX_COMPONENT_utilities.gcov=y 
west build examples_int/unit_tests/flexcan/flexcan_basic_register -b=kw47evk -p=always -d=build/armgcc_kw47evk/flexcan_basic_register --toolchain=armgcc -Dcore_id=cm33_core0 -DCONFIG_MCUX_COMPONENT_utilities.gcov=y 
west build examples_int/unit_tests/flexcan/flexcan_func_abnormal -b=kw47evk -p=always -d=build/armgcc_kw47evk/flexcan_func_abnormal --toolchain=armgcc -Dcore_id=cm33_core0 -DCONFIG_MCUX_COMPONENT_utilities.gcov=y 
west build examples_int/unit_tests/flexcan/flexcan_func_interrupt -b=kw47evk -p=always -d=build/armgcc_kw47evk/flexcan_func_interrupt --toolchain=armgcc -Dcore_id=cm33_core0 -DCONFIG_MCUX_COMPONENT_utilities.gcov=y 
west build examples_int/unit_tests/flexcan/flexcan_func_low_power -b=kw47evk -p=always -d=build/armgcc_kw47evk/flexcan_func_low_power --toolchain=armgcc -Dcore_id=cm33_core0 -DCONFIG_MCUX_COMPONENT_utilities.gcov=y 
west build examples_int/unit_tests/flexcan/flexcan_func_masking -b=kw47evk -p=always -d=build/armgcc_kw47evk/flexcan_func_masking --toolchain=armgcc -Dcore_id=cm33_core0 -DCONFIG_MCUX_COMPONENT_utilities.gcov=y 
west build examples_int/unit_tests/flexcan/flexcan_func_mb_transfer -b=kw47evk -p=always -d=build/armgcc_kw47evk/flexcan_func_mb_transfer --toolchain=armgcc -Dcore_id=cm33_core0 -DCONFIG_MCUX_COMPONENT_utilities.gcov=y 
west build examples_int/unit_tests/flexcan/flexcan_func_polling -b=kw47evk -p=always -d=build/armgcc_kw47evk/flexcan_func_polling --toolchain=armgcc -Dcore_id=cm33_core0 -DCONFIG_MCUX_COMPONENT_utilities.gcov=y 
west build examples_int/unit_tests/flexcan/flexcan_func_remote_request -b=kw47evk -p=always -d=build/armgcc_kw47evk/flexcan_func_remote_request --toolchain=armgcc -Dcore_id=cm33_core0 -DCONFIG_MCUX_COMPONENT_utilities.gcov=y 
west build examples_int/unit_tests/flexcan/flexcan_func_rx_fifo -b=kw47evk -p=always -d=build/armgcc_kw47evk/flexcan_func_rx_fifo --toolchain=armgcc -Dcore_id=cm33_core0 -DCONFIG_MCUX_COMPONENT_utilities.gcov=y 
west build examples_int/unit_tests/flexcan/flexcan_timing_calculate -b=kw47evk -p=always -d=build/armgcc_kw47evk/flexcan_timing_calculate --toolchain=armgcc -Dcore_id=cm33_core0 -DCONFIG_MCUX_COMPONENT_utilities.gcov=y 
west build examples_int/unit_tests/flexio/flexio_basic_register -b=kw47evk -p=always -d=build/armgcc_kw47evk/flexio_basic_register --toolchain=armgcc -Dcore_id=cm33_core0 -DCONFIG_MCUX_COMPONENT_utilities.gcov=y 
west build examples_int/unit_tests/flexio/flexio_func_interrupt -b=kw47evk -p=always -d=build/armgcc_kw47evk/flexio_func_interrupt --toolchain=armgcc -Dcore_id=cm33_core0 -DCONFIG_MCUX_COMPONENT_utilities.gcov=y 
west build examples_int/unit_tests/flexio/flexio_i2c_func_basic -b=kw47evk -p=always -d=build/armgcc_kw47evk/flexio_i2c_func_basic --toolchain=armgcc -Dcore_id=cm33_core0 -DCONFIG_MCUX_COMPONENT_utilities.gcov=y 
west build examples_int/unit_tests/flexio/flexio_i2c_func_interrupt -b=kw47evk -p=always -d=build/armgcc_kw47evk/flexio_i2c_func_interrupt --toolchain=armgcc -Dcore_id=cm33_core0 -DCONFIG_MCUX_COMPONENT_utilities.gcov=y 
west build examples_int/unit_tests/flexio/flexio_i2c_func_masterPollingSlaveInterrupt -b=kw47evk -p=always -d=build/armgcc_kw47evk/flexio_i2c_func_masterPollingSlaveInterrupt --toolchain=armgcc -Dcore_id=cm33_core0 -DCONFIG_MCUX_COMPONENT_utilities.gcov=y 
west build examples_int/unit_tests/flexio/flexio_spi_func_basic_master -b=kw47evk -p=always -d=build/armgcc_kw47evk/flexio_spi_func_basic_master --toolchain=armgcc -Dcore_id=cm33_core0 -DCONFIG_MCUX_COMPONENT_utilities.gcov=y 
west build examples_int/unit_tests/flexio/flexio_spi_func_basic_slave -b=kw47evk -p=always -d=build/armgcc_kw47evk/flexio_spi_func_basic_slave --toolchain=armgcc -Dcore_id=cm33_core0 -DCONFIG_MCUX_COMPONENT_utilities.gcov=y 
west build examples_int/unit_tests/flexio/flexio_spi_func_edma_master -b=kw47evk -p=always -d=build/armgcc_kw47evk/flexio_spi_func_edma_master --toolchain=armgcc -Dcore_id=cm33_core0 -DCONFIG_MCUX_COMPONENT_utilities.gcov=y 
west build examples_int/unit_tests/flexio/flexio_spi_func_edma_slave -b=kw47evk -p=always -d=build/armgcc_kw47evk/flexio_spi_func_edma_slave --toolchain=armgcc -Dcore_id=cm33_core0 -DCONFIG_MCUX_COMPONENT_utilities.gcov=y 
west build examples_int/unit_tests/flexio/flexio_spi_func_interrupt_master -b=kw47evk -p=always -d=build/armgcc_kw47evk/flexio_spi_func_interrupt_master --toolchain=armgcc -Dcore_id=cm33_core0 -DCONFIG_MCUX_COMPONENT_utilities.gcov=y 
west build examples_int/unit_tests/flexio/flexio_spi_func_interrupt_slave -b=kw47evk -p=always -d=build/armgcc_kw47evk/flexio_spi_func_interrupt_slave --toolchain=armgcc -Dcore_id=cm33_core0 -DCONFIG_MCUX_COMPONENT_utilities.gcov=y 
west build examples_int/unit_tests/flexio/flexio_spi_func_polling -b=kw47evk -p=always -d=build/armgcc_kw47evk/flexio_spi_func_polling --toolchain=armgcc -Dcore_id=cm33_core0 -DCONFIG_MCUX_COMPONENT_utilities.gcov=y 
west build examples_int/unit_tests/flexio/flexio_uart_func_basic -b=kw47evk -p=always -d=build/armgcc_kw47evk/flexio_uart_func_basic --toolchain=armgcc -Dcore_id=cm33_core0 -DCONFIG_MCUX_COMPONENT_utilities.gcov=y 
west build examples_int/unit_tests/flexio/flexio_uart_func_edma -b=kw47evk -p=always -d=build/armgcc_kw47evk/flexio_uart_func_edma --toolchain=armgcc -Dcore_id=cm33_core0 -DCONFIG_MCUX_COMPONENT_utilities.gcov=y 
west build examples_int/unit_tests/flexio/flexio_uart_func_interrupt -b=kw47evk -p=always -d=build/armgcc_kw47evk/flexio_uart_func_interrupt --toolchain=armgcc -Dcore_id=cm33_core0 -DCONFIG_MCUX_COMPONENT_utilities.gcov=y 
west build examples_int/unit_tests/flexio/flexio_uart_func_rb -b=kw47evk -p=always -d=build/armgcc_kw47evk/flexio_uart_func_rb --toolchain=armgcc -Dcore_id=cm33_core0 -DCONFIG_MCUX_COMPONENT_utilities.gcov=y 
west build examples_int/unit_tests/gpio/gpio_func_test_all -b=kw47evk -p=always -d=build/armgcc_kw47evk/gpio_func_test_all --toolchain=armgcc -Dcore_id=cm33_core0 -DCONFIG_MCUX_COMPONENT_utilities.gcov=y 
west build examples_int/unit_tests/imu/imu_func_polling/prim_core -b=kw47evk -p=always -d=build/armgcc_kw47evk/imu_func_polling --toolchain=armgcc -Dcore_id=cm33_core0 -DCONFIG_MCUX_COMPONENT_utilities.gcov=y  --sysbuild
west build examples_int/unit_tests/lin/lin_test_all/master -b=kw47evk -p=always -d=build/armgcc_kw47evk/lin_master --toolchain=armgcc -Dcore_id=cm33_core0 -DCONFIG_MCUX_COMPONENT_utilities.gcov=y 
west build examples_int/unit_tests/lin/lin_test_all/slave -b=kw47evk -p=always -d=build/armgcc_kw47evk/lin_slave --toolchain=armgcc -Dcore_id=cm33_core0 -DCONFIG_MCUX_COMPONENT_utilities.gcov=y 
west build examples_int/unit_tests/lpadc/lpadc_basic_register -b=kw47evk -p=always -d=build/armgcc_kw47evk/lpadc_basic_register --toolchain=armgcc -Dcore_id=cm33_core0 -DCONFIG_MCUX_COMPONENT_utilities.gcov=y 
west build examples_int/unit_tests/lpadc/lpadc_func_basic -b=kw47evk -p=always -d=build/armgcc_kw47evk/lpadc_func_basic --toolchain=armgcc -Dcore_id=cm33_core0 -DCONFIG_MCUX_COMPONENT_utilities.gcov=y 
west build examples_int/unit_tests/lpadc/lpadc_func_edma -b=kw47evk -p=always -d=build/armgcc_kw47evk/lpadc_func_edma --toolchain=armgcc -Dcore_id=cm33_core0 -DCONFIG_MCUX_COMPONENT_utilities.gcov=y 
west build examples_int/unit_tests/lpadc/lpadc_func_hardwareTrigger -b=kw47evk -p=always -d=build/armgcc_kw47evk/lpadc_func_hardwareTrigger --toolchain=armgcc -Dcore_id=cm33_core0 -DCONFIG_MCUX_COMPONENT_utilities.gcov=y 
west build examples_int/unit_tests/lpadc/lpadc_func_loopconv -b=kw47evk -p=always -d=build/armgcc_kw47evk/lpadc_func_loopconv --toolchain=armgcc -Dcore_id=cm33_core0 -DCONFIG_MCUX_COMPONENT_utilities.gcov=y 
west build examples_int/unit_tests/lpadc/lpadc_func_loopIncrement -b=kw47evk -p=always -d=build/armgcc_kw47evk/lpadc_func_loopIncrement --toolchain=armgcc -Dcore_id=cm33_core0 -DCONFIG_MCUX_COMPONENT_utilities.gcov=y 
west build examples_int/unit_tests/lpadc/lpadc_func_nextCMD -b=kw47evk -p=always -d=build/armgcc_kw47evk/lpadc_func_nextCMD --toolchain=armgcc -Dcore_id=cm33_core0 -DCONFIG_MCUX_COMPONENT_utilities.gcov=y 
west build examples_int/unit_tests/lpcmp/lpcmp_basic_register -b=kw47evk -p=always -d=build/armgcc_kw47evk/lpcmp_basic_register --toolchain=armgcc -Dcore_id=cm33_core0 -DCONFIG_MCUX_COMPONENT_utilities.gcov=y 
west build examples_int/unit_tests/lpcmp/lpcmp_func_basic -b=kw47evk -p=always -d=build/armgcc_kw47evk/lpcmp_func_basic --toolchain=armgcc -Dcore_id=cm33_core0 -DCONFIG_MCUX_COMPONENT_utilities.gcov=y 
west build examples_int/unit_tests/lpcmp/lpcmp_func_filter -b=kw47evk -p=always -d=build/armgcc_kw47evk/lpcmp_func_filter --toolchain=armgcc -Dcore_id=cm33_core0 -DCONFIG_MCUX_COMPONENT_utilities.gcov=y 
west build examples_int/unit_tests/lpcmp/lpcmp_func_sample -b=kw47evk -p=always -d=build/armgcc_kw47evk/lpcmp_func_sample --toolchain=armgcc -Dcore_id=cm33_core0 -DCONFIG_MCUX_COMPONENT_utilities.gcov=y 
west build examples_int/unit_tests/lpi2c/lpi2c_basic_register -b=kw47evk -p=always -d=build/armgcc_kw47evk/lpi2c_basic_register --toolchain=armgcc -Dcore_id=cm33_core0 -DCONFIG_MCUX_COMPONENT_utilities.gcov=y 
west build examples_int/unit_tests/lpi2c/lpi2c_func_basic -b=kw47evk -p=always -d=build/armgcc_kw47evk/lpi2c_func_basic --toolchain=armgcc -Dcore_id=cm33_core0 -DCONFIG_MCUX_COMPONENT_utilities.gcov=y 
west build examples_int/unit_tests/lpi2c/lpi2c_func_interrupt -b=kw47evk -p=always -d=build/armgcc_kw47evk/lpi2c_func_interrupt --toolchain=armgcc -Dcore_id=cm33_core0 -DCONFIG_MCUX_COMPONENT_utilities.gcov=y 
west build examples_int/unit_tests/lpi2c/lpi2c_func_masterEdmaSlaveInterrupt -b=kw47evk -p=always -d=build/armgcc_kw47evk/lpi2c_func_masterEdmaSlaveInterrupt --toolchain=armgcc -Dcore_id=cm33_core0 -DCONFIG_MCUX_COMPONENT_utilities.gcov=y 
west build examples_int/unit_tests/lpi2c/lpi2c_func_masterIntSlaveNack -b=kw47evk -p=always -d=build/armgcc_kw47evk/lpi2c_func_masterIntSlaveNack --toolchain=armgcc -Dcore_id=cm33_core0 -DCONFIG_MCUX_COMPONENT_utilities.gcov=y 
west build examples_int/unit_tests/lpi2c/lpi2c_func_masterPollingSlaveInterrupt -b=kw47evk -p=always -d=build/armgcc_kw47evk/lpi2c_func_masterPollingSlaveInterrupt --toolchain=armgcc -Dcore_id=cm33_core0 -DCONFIG_MCUX_COMPONENT_utilities.gcov=y 
west build examples_int/unit_tests/lpit/lpit_basic_register -b=kw47evk -p=always -d=build/armgcc_kw47evk/lpit_basic_register --toolchain=armgcc -Dcore_id=cm33_core0 -DCONFIG_MCUX_COMPONENT_utilities.gcov=y 
west build examples_int/unit_tests/lpit/lpit_func_basic_counter -b=kw47evk -p=always -d=build/armgcc_kw47evk/lpit_func_basic_counter --toolchain=armgcc -Dcore_id=cm33_core0 -DCONFIG_MCUX_COMPONENT_utilities.gcov=y 
west build examples_int/unit_tests/lpit/lpit_func_channel_chaining -b=kw47evk -p=always -d=build/armgcc_kw47evk/lpit_func_channel_chaining --toolchain=armgcc -Dcore_id=cm33_core0 -DCONFIG_MCUX_COMPONENT_utilities.gcov=y 
west build examples_int/unit_tests/lpit/lpit_func_input_capture -b=kw47evk -p=always -d=build/armgcc_kw47evk/lpit_func_input_capture --toolchain=armgcc -Dcore_id=cm33_core0 -DCONFIG_MCUX_COMPONENT_utilities.gcov=y 
west build examples_int/unit_tests/lpit/lpit_func_trigger_accumulator -b=kw47evk -p=always -d=build/armgcc_kw47evk/lpit_func_trigger_accumulator --toolchain=armgcc -Dcore_id=cm33_core0 -DCONFIG_MCUX_COMPONENT_utilities.gcov=y 
west build examples_int/unit_tests/lpspi -b=kw47evk -p=always -d=build/armgcc_kw47evk/lpspi --toolchain=armgcc -Dcore_id=cm33_core0 -DCONFIG_MCUX_COMPONENT_utilities.gcov=y 
west build examples_int/unit_tests/lpspi/lpspi_basic_register -b=kw47evk -p=always -d=build/armgcc_kw47evk/lpspi_basic_register --toolchain=armgcc -Dcore_id=cm33_core0 -DCONFIG_MCUX_COMPONENT_utilities.gcov=y 
west build examples_int/unit_tests/lpspi/lpspi_func_edma -b=kw47evk -p=always -d=build/armgcc_kw47evk/lpspi_func_edma --toolchain=armgcc -Dcore_id=cm33_core0 -DCONFIG_MCUX_COMPONENT_utilities.gcov=y 
west build examples_int/unit_tests/lpspi/lpspi_func_interrupt -b=kw47evk -p=always -d=build/armgcc_kw47evk/lpspi_func_interrupt --toolchain=armgcc -Dcore_id=cm33_core0 -DCONFIG_MCUX_COMPONENT_utilities.gcov=y 
west build examples_int/unit_tests/lpspi/lpspi_func_masterInterruptSlaveEdma -b=kw47evk -p=always -d=build/armgcc_kw47evk/lpspi_func_masterInterruptSlaveEdma --toolchain=armgcc -Dcore_id=cm33_core0 -DCONFIG_MCUX_COMPONENT_utilities.gcov=y 
west build examples_int/unit_tests/lpspi/lpspi_func_masterPollingSlaveEdma -b=kw47evk -p=always -d=build/armgcc_kw47evk/lpspi_func_masterPollingSlaveEdma --toolchain=armgcc -Dcore_id=cm33_core0 -DCONFIG_MCUX_COMPONENT_utilities.gcov=y 
west build examples_int/unit_tests/lpspi/lpspi_func_multi_edma -b=kw47evk -p=always -d=build/armgcc_kw47evk/lpspi_func_multi_edma --toolchain=armgcc -Dcore_id=cm33_core0 -DCONFIG_MCUX_COMPONENT_utilities.gcov=y 
west build examples_int/unit_tests/lpspi/lpspi_func_polling -b=kw47evk -p=always -d=build/armgcc_kw47evk/lpspi_func_polling --toolchain=armgcc -Dcore_id=cm33_core0 -DCONFIG_MCUX_COMPONENT_utilities.gcov=y 
west build examples_int/unit_tests/lptmr/lptmr_test_all -b=kw47evk -p=always -d=build/armgcc_kw47evk/lptmr_test_all --toolchain=armgcc -Dcore_id=cm33_core0 -DCONFIG_MCUX_COMPONENT_utilities.gcov=y 
west build examples_int/unit_tests/lpuart/lpuart_func_edma -b=kw47evk -p=always -d=build/armgcc_kw47evk/lpuart_func_edma --toolchain=armgcc -Dcore_id=cm33_core0 -DCONFIG_MCUX_COMPONENT_utilities.gcov=y 
west build examples_int/unit_tests/lpuart/lpuart_test_all -b=kw47evk -p=always -d=build/armgcc_kw47evk/lpuart_test_all --toolchain=armgcc -Dcore_id=cm33_core0 -DCONFIG_MCUX_COMPONENT_utilities.gcov=y 
west build examples_int/unit_tests/ltc/ltc_api -b=kw47evk -p=always -d=build/armgcc_kw47evk/ltc_api --toolchain=armgcc -Dcore_id=cm33_core0 -DCONFIG_MCUX_COMPONENT_utilities.gcov=y 
west build examples_int/unit_tests/mcm -b=kw47evk -p=always -d=build/armgcc_kw47evk/mcm --toolchain=armgcc -Dcore_id=cm33_core0 -DCONFIG_MCUX_COMPONENT_utilities.gcov=y 
west build examples_int/unit_tests/port/port_func_test_all -b=kw47evk -p=always -d=build/armgcc_kw47evk/port_func_test_all --toolchain=armgcc -Dcore_id=cm33_core0 -DCONFIG_MCUX_COMPONENT_utilities.gcov=y 
west build examples_int/unit_tests/rtc/rtc_test_all -b=kw47evk -p=always -d=build/armgcc_kw47evk/rtc_test_all --toolchain=armgcc -Dcore_id=cm33_core0 -DCONFIG_MCUX_COMPONENT_utilities.gcov=y 
west build examples_int/unit_tests/secure_subsystem/secure_subsystem_test -b=kw47evk -p=always -d=build/armgcc_kw47evk/secure_subsystem_test --toolchain=armgcc -Dcore_id=cm33_core0 -DCONFIG_MCUX_COMPONENT_utilities.gcov=y 
west build examples_int/unit_tests/sema42/sema42_func_basic/core0 -b=kw47evk -p=always -d=build/armgcc_kw47evk/sema42_func_basic --toolchain=armgcc -Dcore_id=cm33_core0 -DCONFIG_MCUX_COMPONENT_utilities.gcov=y  --sysbuild
west build examples_int/unit_tests/sfa/sfa_basic_register -b=kw47evk -p=always -d=build/armgcc_kw47evk/sfa_basic_register --toolchain=armgcc -Dcore_id=cm33_core0 -DCONFIG_MCUX_COMPONENT_utilities.gcov=y 
west build examples_int/unit_tests/sfa/sfa_fun_basic -b=kw47evk -p=always -d=build/armgcc_kw47evk/sfa_fun_basic --toolchain=armgcc -Dcore_id=cm33_core0 -DCONFIG_MCUX_COMPONENT_utilities.gcov=y 
west build examples_int/unit_tests/sfa/sfa_fun_frequency_interrupt -b=kw47evk -p=always -d=build/armgcc_kw47evk/sfa_fun_frequency_interrupt --toolchain=armgcc -Dcore_id=cm33_core0 -DCONFIG_MCUX_COMPONENT_utilities.gcov=y 
west build examples_int/unit_tests/sfa/sfa_fun_period_interrupt -b=kw47evk -p=always -d=build/armgcc_kw47evk/sfa_fun_period_interrupt --toolchain=armgcc -Dcore_id=cm33_core0 -DCONFIG_MCUX_COMPONENT_utilities.gcov=y 
west build examples_int/unit_tests/spc/spc_basic_register_test -b=kw47evk -p=always -d=build/armgcc_kw47evk/spc_basic_register_test --toolchain=armgcc -Dcore_id=cm33_core0 -DCONFIG_MCUX_COMPONENT_utilities.gcov=y 
west build examples_int/unit_tests/tpm/tpm_func_test_all -b=kw47evk -p=always -d=build/armgcc_kw47evk/tpm_func_test_all --toolchain=armgcc -Dcore_id=cm33_core0 -DCONFIG_MCUX_COMPONENT_utilities.gcov=y 
west build examples_int/unit_tests/trgmux/trgmux_basic_register -b=kw47evk -p=always -d=build/armgcc_kw47evk/trgmux_basic_register --toolchain=armgcc -Dcore_id=cm33_core0 -DCONFIG_MCUX_COMPONENT_utilities.gcov=y 
west build examples_int/unit_tests/vref_1/vref_1_unit_test_all -b=kw47evk -p=always -d=build/armgcc_kw47evk/vref_1_unit_test_all --toolchain=armgcc -Dcore_id=cm33_core0 -DCONFIG_MCUX_COMPONENT_utilities.gcov=y 
west build examples_int/unit_tests/wdog32/wdog32_basic_register -b=kw47evk -p=always -d=build/armgcc_kw47evk/wdog32_basic_register --toolchain=armgcc -Dcore_id=cm33_core0 -DCONFIG_MCUX_COMPONENT_utilities.gcov=y 
west build examples_int/unit_tests/wdog32/wdog32_func_non_windowed_mode -b=kw47evk -p=always -d=build/armgcc_kw47evk/wdog32_func_non_windowed_mode --toolchain=armgcc -Dcore_id=cm33_core0 -DCONFIG_MCUX_COMPONENT_utilities.gcov=y 
west build examples_int/unit_tests/wdog32/wdog32_func_selftest -b=kw47evk -p=always -d=build/armgcc_kw47evk/wdog32_func_selftest --toolchain=armgcc -Dcore_id=cm33_core0 -DCONFIG_MCUX_COMPONENT_utilities.gcov=y 
west build examples_int/unit_tests/wdog32/wdog32_func_windowed_mode -b=kw47evk -p=always -d=build/armgcc_kw47evk/wdog32_func_windowed_mode --toolchain=armgcc -Dcore_id=cm33_core0 -DCONFIG_MCUX_COMPONENT_utilities.gcov=y 
west build examples_int/unit_tests/wuu/wuu_test_all -b=kw47evk -p=always -d=build/armgcc_kw47evk/wuu_test_all --toolchain=armgcc -Dcore_id=cm33_core0 -DCONFIG_MCUX_COMPONENT_utilities.gcov=y 

